[2020-05-12 23:29:37] development.ERROR: The requested page cannot be found: wordpress  
[2020-05-12 23:29:47] development.ERROR: The requested page cannot be found: wordpress  
[2020-05-12 23:30:11] development.ERROR: The requested page cannot be found: wordpress/wp-admin  
[2020-05-12 23:30:48] development.ERROR: The requested page cannot be found: wordpress  
[2020-05-12 23:31:10] development.ERROR: The requested page cannot be found: wordpress  
[2020-05-15 12:25:42] development.ERROR: ErrorException: Trying to access array offset on value of type null in /home/dario/Dev/restaurant/app/system/controllers/Updates.php:238
Stack trace:
#0 /home/dario/Dev/restaurant/app/system/controllers/Updates.php(238): Illuminate\Foundation\Bootstrap\HandleExceptions->handleError()
#1 /home/dario/Dev/restaurant/app/system/controllers/Updates.php(231): System\Controllers\Updates->buildProcessSteps()
#2 /home/dario/Dev/restaurant/app/system/controllers/Updates.php(186): System\Controllers\Updates->applyInstallOrUpdate()
#3 [internal function]: System\Controllers\Updates->browse_onApply()
#4 /home/dario/Dev/restaurant/app/admin/classes/AdminController.php(404): call_user_func_array()
#5 /home/dario/Dev/restaurant/app/admin/classes/AdminController.php(262): Admin\Classes\AdminController->runHandler()
#6 /home/dario/Dev/restaurant/app/admin/classes/AdminController.php(163): Admin\Classes\AdminController->processHandlers()
#7 /home/dario/Dev/restaurant/app/system/classes/Controller.php(105): Admin\Classes\AdminController->remap()
#8 [internal function]: System\Classes\Controller->runAdmin()
#9 /home/dario/Dev/restaurant/vendor/laravel/framework/src/Illuminate/Routing/Controller.php(54): call_user_func_array()
#10 /home/dario/Dev/restaurant/vendor/laravel/framework/src/Illuminate/Routing/ControllerDispatcher.php(45): Illuminate\Routing\Controller->callAction()
#11 /home/dario/Dev/restaurant/vendor/laravel/framework/src/Illuminate/Routing/Route.php(219): Illuminate\Routing\ControllerDispatcher->dispatch()
#12 /home/dario/Dev/restaurant/vendor/laravel/framework/src/Illuminate/Routing/Route.php(176): Illuminate\Routing\Route->runController()
#13 /home/dario/Dev/restaurant/vendor/laravel/framework/src/Illuminate/Routing/Router.php(680): Illuminate\Routing\Route->run()
#14 /home/dario/Dev/restaurant/vendor/laravel/framework/src/Illuminate/Routing/Pipeline.php(30): Illuminate\Routing\Router->Illuminate\Routing\{closure}()
#15 /home/dario/Dev/restaurant/vendor/tastyigniter/flame/src/Currency/Middleware/CurrencyMiddleware.php(33): Illuminate\Routing\Pipeline->Illuminate\Routing\{closure}()
#16 /home/dario/Dev/restaurant/vendor/laravel/framework/src/Illuminate/Pipeline/Pipeline.php(163): Igniter\Flame\Currency\Middleware\CurrencyMiddleware->handle()
#17 /home/dario/Dev/restaurant/vendor/laravel/framework/src/Illuminate/Routing/Pipeline.php(53): Illuminate\Pipeline\Pipeline->Illuminate\Pipeline\{closure}()
#18 /home/dario/Dev/restaurant/app/admin/middleware/LogUserLastSeen.php(26): Illuminate\Routing\Pipeline->Illuminate\Routing\{closure}()
#19 /home/dario/Dev/restaurant/vendor/laravel/framework/src/Illuminate/Pipeline/Pipeline.php(163): Admin\Middleware\LogUserLastSeen->handle()
#20 /home/dario/Dev/restaurant/vendor/laravel/framework/src/Illuminate/Routing/Pipeline.php(53): Illuminate\Pipeline\Pipeline->Illuminate\Pipeline\{closure}()
#21 /home/dario/Dev/restaurant/vendor/tastyigniter/flame/src/Translation/Middleware/Localization.php(23): Illuminate\Routing\Pipeline->Illuminate\Routing\{closure}()
#22 /home/dario/Dev/restaurant/vendor/laravel/framework/src/Illuminate/Pipeline/Pipeline.php(163): Igniter\Flame\Translation\Middleware\Localization->handle()
#23 /home/dario/Dev/restaurant/vendor/laravel/framework/src/Illuminate/Routing/Pipeline.php(53): Illuminate\Pipeline\Pipeline->Illuminate\Pipeline\{closure}()
#24 /home/dario/Dev/restaurant/vendor/laravel/framework/src/Illuminate/Routing/Middleware/SubstituteBindings.php(41): Illuminate\Routing\Pipeline->Illuminate\Routing\{closure}()
#25 /home/dario/Dev/restaurant/vendor/laravel/framework/src/Illuminate/Pipeline/Pipeline.php(163): Illuminate\Routing\Middleware\SubstituteBindings->handle()
#26 /home/dario/Dev/restaurant/vendor/laravel/framework/src/Illuminate/Routing/Pipeline.php(53): Illuminate\Pipeline\Pipeline->Illuminate\Pipeline\{closure}()
#27 /home/dario/Dev/restaurant/vendor/laravel/framework/src/Illuminate/View/Middleware/ShareErrorsFromSession.php(49): Illuminate\Routing\Pipeline->Illuminate\Routing\{closure}()
#28 /home/dario/Dev/restaurant/vendor/laravel/framework/src/Illuminate/Pipeline/Pipeline.php(163): Illuminate\View\Middleware\ShareErrorsFromSession->handle()
#29 /home/dario/Dev/restaurant/vendor/laravel/framework/src/Illuminate/Routing/Pipeline.php(53): Illuminate\Pipeline\Pipeline->Illuminate\Pipeline\{closure}()
#30 /home/dario/Dev/restaurant/vendor/laravel/framework/src/Illuminate/Session/Middleware/StartSession.php(56): Illuminate\Routing\Pipeline->Illuminate\Routing\{closure}()
#31 /home/dario/Dev/restaurant/vendor/laravel/framework/src/Illuminate/Pipeline/Pipeline.php(163): Illuminate\Session\Middleware\StartSession->handle()
#32 /home/dario/Dev/restaurant/vendor/laravel/framework/src/Illuminate/Routing/Pipeline.php(53): Illuminate\Pipeline\Pipeline->Illuminate\Pipeline\{closure}()
#33 /home/dario/Dev/restaurant/vendor/laravel/framework/src/Illuminate/Cookie/Middleware/AddQueuedCookiesToResponse.php(37): Illuminate\Routing\Pipeline->Illuminate\Routing\{closure}()
#34 /home/dario/Dev/restaurant/vendor/laravel/framework/src/Illuminate/Pipeline/Pipeline.php(163): Illuminate\Cookie\Middleware\AddQueuedCookiesToResponse->handle()
#35 /home/dario/Dev/restaurant/vendor/laravel/framework/src/Illuminate/Routing/Pipeline.php(53): Illuminate\Pipeline\Pipeline->Illuminate\Pipeline\{closure}()
#36 /home/dario/Dev/restaurant/vendor/laravel/framework/src/Illuminate/Cookie/Middleware/EncryptCookies.php(66): Illuminate\Routing\Pipeline->Illuminate\Routing\{closure}()
#37 /home/dario/Dev/restaurant/vendor/laravel/framework/src/Illuminate/Pipeline/Pipeline.php(163): Illuminate\Cookie\Middleware\EncryptCookies->handle()
#38 /home/dario/Dev/restaurant/vendor/laravel/framework/src/Illuminate/Routing/Pipeline.php(53): Illuminate\Pipeline\Pipeline->Illuminate\Pipeline\{closure}()
#39 /home/dario/Dev/restaurant/vendor/laravel/framework/src/Illuminate/Pipeline/Pipeline.php(104): Illuminate\Routing\Pipeline->Illuminate\Routing\{closure}()
#40 /home/dario/Dev/restaurant/vendor/laravel/framework/src/Illuminate/Routing/Router.php(682): Illuminate\Pipeline\Pipeline->then()
#41 /home/dario/Dev/restaurant/vendor/laravel/framework/src/Illuminate/Routing/Router.php(657): Illuminate\Routing\Router->runRouteWithinStack()
#42 /home/dario/Dev/restaurant/vendor/laravel/framework/src/Illuminate/Routing/Router.php(623): Illuminate\Routing\Router->runRoute()
#43 /home/dario/Dev/restaurant/vendor/october/rain/src/Router/CoreRouter.php(20): Illuminate\Routing\Router->dispatchToRoute()
#44 /home/dario/Dev/restaurant/vendor/laravel/framework/src/Illuminate/Foundation/Http/Kernel.php(176): October\Rain\Router\CoreRouter->dispatch()
#45 /home/dario/Dev/restaurant/vendor/laravel/framework/src/Illuminate/Routing/Pipeline.php(30): Illuminate\Foundation\Http\Kernel->Illuminate\Foundation\Http\{closure}()
#46 /home/dario/Dev/restaurant/vendor/tastyigniter/flame/src/Setting/Middleware/SaveSetting.php(25): Illuminate\Routing\Pipeline->Illuminate\Routing\{closure}()
#47 /home/dario/Dev/restaurant/vendor/laravel/framework/src/Illuminate/Pipeline/Pipeline.php(163): Igniter\Flame\Setting\Middleware\SaveSetting->handle()
#48 /home/dario/Dev/restaurant/vendor/laravel/framework/src/Illuminate/Routing/Pipeline.php(53): Illuminate\Pipeline\Pipeline->Illuminate\Pipeline\{closure}()
#49 /home/dario/Dev/restaurant/vendor/fideloper/proxy/src/TrustProxies.php(57): Illuminate\Routing\Pipeline->Illuminate\Routing\{closure}()
#50 /home/dario/Dev/restaurant/vendor/laravel/framework/src/Illuminate/Pipeline/Pipeline.php(163): Fideloper\Proxy\TrustProxies->handle()
#51 /home/dario/Dev/restaurant/vendor/laravel/framework/src/Illuminate/Routing/Pipeline.php(53): Illuminate\Pipeline\Pipeline->Illuminate\Pipeline\{closure}()
#52 /home/dario/Dev/restaurant/vendor/laravel/framework/src/Illuminate/Foundation/Http/Middleware/TransformsRequest.php(21): Illuminate\Routing\Pipeline->Illuminate\Routing\{closure}()
#53 /home/dario/Dev/restaurant/vendor/laravel/framework/src/Illuminate/Pipeline/Pipeline.php(163): Illuminate\Foundation\Http\Middleware\TransformsRequest->handle()
#54 /home/dario/Dev/restaurant/vendor/laravel/framework/src/Illuminate/Routing/Pipeline.php(53): Illuminate\Pipeline\Pipeline->Illuminate\Pipeline\{closure}()
#55 /home/dario/Dev/restaurant/vendor/laravel/framework/src/Illuminate/Foundation/Http/Middleware/ValidatePostSize.php(27): Illuminate\Routing\Pipeline->Illuminate\Routing\{closure}()
#56 /home/dario/Dev/restaurant/vendor/laravel/framework/src/Illuminate/Pipeline/Pipeline.php(163): Illuminate\Foundation\Http\Middleware\ValidatePostSize->handle()
#57 /home/dario/Dev/restaurant/vendor/laravel/framework/src/Illuminate/Routing/Pipeline.php(53): Illuminate\Pipeline\Pipeline->Illuminate\Pipeline\{closure}()
#58 /home/dario/Dev/restaurant/vendor/laravel/framework/src/Illuminate/Foundation/Http/Middleware/CheckForMaintenanceMode.php(62): Illuminate\Routing\Pipeline->Illuminate\Routing\{closure}()
#59 /home/dario/Dev/restaurant/vendor/laravel/framework/src/Illuminate/Pipeline/Pipeline.php(163): Illuminate\Foundation\Http\Middleware\CheckForMaintenanceMode->handle()
#60 /home/dario/Dev/restaurant/vendor/laravel/framework/src/Illuminate/Routing/Pipeline.php(53): Illuminate\Pipeline\Pipeline->Illuminate\Pipeline\{closure}()
#61 /home/dario/Dev/restaurant/vendor/laravel/framework/src/Illuminate/Pipeline/Pipeline.php(104): Illuminate\Routing\Pipeline->Illuminate\Routing\{closure}()
#62 /home/dario/Dev/restaurant/vendor/laravel/framework/src/Illuminate/Foundation/Http/Kernel.php(151): Illuminate\Pipeline\Pipeline->then()
#63 /home/dario/Dev/restaurant/vendor/laravel/framework/src/Illuminate/Foundation/Http/Kernel.php(116): Illuminate\Foundation\Http\Kernel->sendRequestThroughRouter()
#64 /home/dario/Dev/restaurant/index.php(53): Illuminate\Foundation\Http\Kernel->handle()
#65 {main}  
[2020-05-20 15:06:30] development.ERROR: Symfony\Component\Debug\Exception\FatalThrowableError: syntax error, unexpected '$mealtime' (T_VARIABLE), expecting function (T_FUNCTION) or const (T_CONST) in /home/dario/Dev/restaurant/vendor/tastyigniter/flame/src/Pagic/Parsers/FileParser.php(199) : eval()'d code:6
Stack trace:
#0 /home/dario/Dev/restaurant/vendor/tastyigniter/flame/src/Pagic/Parsers/FileParser.php(153): Igniter\Flame\Pagic\Parsers\FileParser->compile()
#1 /home/dario/Dev/restaurant/vendor/tastyigniter/flame/src/Pagic/Parsers/FileParser.php(236): Igniter\Flame\Pagic\Parsers\FileParser->process()
#2 /home/dario/Dev/restaurant/app/main/classes/MainController.php(550): Igniter\Flame\Pagic\Parsers\FileParser->source()
#3 /home/dario/Dev/restaurant/app/main/classes/MainController.php(240): Main\Classes\MainController->initTemplateObjects()
#4 /home/dario/Dev/restaurant/app/main/classes/MainController.php(200): Main\Classes\MainController->runPage()
#5 /home/dario/Dev/restaurant/app/system/classes/Controller.php(84): Main\Classes\MainController->remap()
#6 [internal function]: System\Classes\Controller->run()
#7 /home/dario/Dev/restaurant/vendor/laravel/framework/src/Illuminate/Routing/Controller.php(54): call_user_func_array()
#8 /home/dario/Dev/restaurant/vendor/laravel/framework/src/Illuminate/Routing/ControllerDispatcher.php(45): Illuminate\Routing\Controller->callAction()
#9 /home/dario/Dev/restaurant/vendor/laravel/framework/src/Illuminate/Routing/Route.php(219): Illuminate\Routing\ControllerDispatcher->dispatch()
#10 /home/dario/Dev/restaurant/vendor/laravel/framework/src/Illuminate/Routing/Route.php(176): Illuminate\Routing\Route->runController()
#11 /home/dario/Dev/restaurant/vendor/laravel/framework/src/Illuminate/Routing/Router.php(680): Illuminate\Routing\Route->run()
#12 /home/dario/Dev/restaurant/vendor/laravel/framework/src/Illuminate/Routing/Pipeline.php(30): Illuminate\Routing\Router->Illuminate\Routing\{closure}()
#13 /home/dario/Dev/restaurant/vendor/tastyigniter/flame/src/Currency/Middleware/CurrencyMiddleware.php(33): Illuminate\Routing\Pipeline->Illuminate\Routing\{closure}()
#14 /home/dario/Dev/restaurant/vendor/laravel/framework/src/Illuminate/Pipeline/Pipeline.php(163): Igniter\Flame\Currency\Middleware\CurrencyMiddleware->handle()
#15 /home/dario/Dev/restaurant/vendor/laravel/framework/src/Illuminate/Routing/Pipeline.php(53): Illuminate\Pipeline\Pipeline->Illuminate\Pipeline\{closure}()
#16 /home/dario/Dev/restaurant/vendor/tastyigniter/flame/src/Translation/Middleware/Localization.php(23): Illuminate\Routing\Pipeline->Illuminate\Routing\{closure}()
#17 /home/dario/Dev/restaurant/vendor/laravel/framework/src/Illuminate/Pipeline/Pipeline.php(163): Igniter\Flame\Translation\Middleware\Localization->handle()
#18 /home/dario/Dev/restaurant/vendor/laravel/framework/src/Illuminate/Routing/Pipeline.php(53): Illuminate\Pipeline\Pipeline->Illuminate\Pipeline\{closure}()
#19 /home/dario/Dev/restaurant/vendor/laravel/framework/src/Illuminate/Routing/Middleware/SubstituteBindings.php(41): Illuminate\Routing\Pipeline->Illuminate\Routing\{closure}()
#20 /home/dario/Dev/restaurant/vendor/laravel/framework/src/Illuminate/Pipeline/Pipeline.php(163): Illuminate\Routing\Middleware\SubstituteBindings->handle()
#21 /home/dario/Dev/restaurant/vendor/laravel/framework/src/Illuminate/Routing/Pipeline.php(53): Illuminate\Pipeline\Pipeline->Illuminate\Pipeline\{closure}()
#22 /home/dario/Dev/restaurant/vendor/laravel/framework/src/Illuminate/View/Middleware/ShareErrorsFromSession.php(49): Illuminate\Routing\Pipeline->Illuminate\Routing\{closure}()
#23 /home/dario/Dev/restaurant/vendor/laravel/framework/src/Illuminate/Pipeline/Pipeline.php(163): Illuminate\View\Middleware\ShareErrorsFromSession->handle()
#24 /home/dario/Dev/restaurant/vendor/laravel/framework/src/Illuminate/Routing/Pipeline.php(53): Illuminate\Pipeline\Pipeline->Illuminate\Pipeline\{closure}()
#25 /home/dario/Dev/restaurant/vendor/laravel/framework/src/Illuminate/Session/Middleware/StartSession.php(56): Illuminate\Routing\Pipeline->Illuminate\Routing\{closure}()
#26 /home/dario/Dev/restaurant/vendor/laravel/framework/src/Illuminate/Pipeline/Pipeline.php(163): Illuminate\Session\Middleware\StartSession->handle()
#27 /home/dario/Dev/restaurant/vendor/laravel/framework/src/Illuminate/Routing/Pipeline.php(53): Illuminate\Pipeline\Pipeline->Illuminate\Pipeline\{closure}()
#28 /home/dario/Dev/restaurant/vendor/laravel/framework/src/Illuminate/Cookie/Middleware/AddQueuedCookiesToResponse.php(37): Illuminate\Routing\Pipeline->Illuminate\Routing\{closure}()
#29 /home/dario/Dev/restaurant/vendor/laravel/framework/src/Illuminate/Pipeline/Pipeline.php(163): Illuminate\Cookie\Middleware\AddQueuedCookiesToResponse->handle()
#30 /home/dario/Dev/restaurant/vendor/laravel/framework/src/Illuminate/Routing/Pipeline.php(53): Illuminate\Pipeline\Pipeline->Illuminate\Pipeline\{closure}()
#31 /home/dario/Dev/restaurant/vendor/laravel/framework/src/Illuminate/Cookie/Middleware/EncryptCookies.php(66): Illuminate\Routing\Pipeline->Illuminate\Routing\{closure}()
#32 /home/dario/Dev/restaurant/vendor/laravel/framework/src/Illuminate/Pipeline/Pipeline.php(163): Illuminate\Cookie\Middleware\EncryptCookies->handle()
#33 /home/dario/Dev/restaurant/vendor/laravel/framework/src/Illuminate/Routing/Pipeline.php(53): Illuminate\Pipeline\Pipeline->Illuminate\Pipeline\{closure}()
#34 /home/dario/Dev/restaurant/vendor/laravel/framework/src/Illuminate/Pipeline/Pipeline.php(104): Illuminate\Routing\Pipeline->Illuminate\Routing\{closure}()
#35 /home/dario/Dev/restaurant/vendor/laravel/framework/src/Illuminate/Routing/Router.php(682): Illuminate\Pipeline\Pipeline->then()
#36 /home/dario/Dev/restaurant/vendor/laravel/framework/src/Illuminate/Routing/Router.php(657): Illuminate\Routing\Router->runRouteWithinStack()
#37 /home/dario/Dev/restaurant/vendor/laravel/framework/src/Illuminate/Routing/Router.php(623): Illuminate\Routing\Router->runRoute()
#38 /home/dario/Dev/restaurant/vendor/october/rain/src/Router/CoreRouter.php(20): Illuminate\Routing\Router->dispatchToRoute()
#39 /home/dario/Dev/restaurant/vendor/laravel/framework/src/Illuminate/Foundation/Http/Kernel.php(176): October\Rain\Router\CoreRouter->dispatch()
#40 /home/dario/Dev/restaurant/vendor/laravel/framework/src/Illuminate/Routing/Pipeline.php(30): Illuminate\Foundation\Http\Kernel->Illuminate\Foundation\Http\{closure}()
#41 /home/dario/Dev/restaurant/extensions/igniter/cart/middleware/CartMiddleware.php(10): Illuminate\Routing\Pipeline->Illuminate\Routing\{closure}()
#42 /home/dario/Dev/restaurant/vendor/laravel/framework/src/Illuminate/Pipeline/Pipeline.php(163): Igniter\Cart\Middleware\CartMiddleware->handle()
#43 /home/dario/Dev/restaurant/vendor/laravel/framework/src/Illuminate/Routing/Pipeline.php(53): Illuminate\Pipeline\Pipeline->Illuminate\Pipeline\{closure}()
#44 /home/dario/Dev/restaurant/vendor/tastyigniter/flame/src/Setting/Middleware/SaveSetting.php(25): Illuminate\Routing\Pipeline->Illuminate\Routing\{closure}()
#45 /home/dario/Dev/restaurant/vendor/laravel/framework/src/Illuminate/Pipeline/Pipeline.php(163): Igniter\Flame\Setting\Middleware\SaveSetting->handle()
#46 /home/dario/Dev/restaurant/vendor/laravel/framework/src/Illuminate/Routing/Pipeline.php(53): Illuminate\Pipeline\Pipeline->Illuminate\Pipeline\{closure}()
#47 /home/dario/Dev/restaurant/vendor/fideloper/proxy/src/TrustProxies.php(57): Illuminate\Routing\Pipeline->Illuminate\Routing\{closure}()
#48 /home/dario/Dev/restaurant/vendor/laravel/framework/src/Illuminate/Pipeline/Pipeline.php(163): Fideloper\Proxy\TrustProxies->handle()
#49 /home/dario/Dev/restaurant/vendor/laravel/framework/src/Illuminate/Routing/Pipeline.php(53): Illuminate\Pipeline\Pipeline->Illuminate\Pipeline\{closure}()
#50 /home/dario/Dev/restaurant/vendor/laravel/framework/src/Illuminate/Foundation/Http/Middleware/TransformsRequest.php(21): Illuminate\Routing\Pipeline->Illuminate\Routing\{closure}()
#51 /home/dario/Dev/restaurant/vendor/laravel/framework/src/Illuminate/Pipeline/Pipeline.php(163): Illuminate\Foundation\Http\Middleware\TransformsRequest->handle()
#52 /home/dario/Dev/restaurant/vendor/laravel/framework/src/Illuminate/Routing/Pipeline.php(53): Illuminate\Pipeline\Pipeline->Illuminate\Pipeline\{closure}()
#53 /home/dario/Dev/restaurant/vendor/laravel/framework/src/Illuminate/Foundation/Http/Middleware/ValidatePostSize.php(27): Illuminate\Routing\Pipeline->Illuminate\Routing\{closure}()
#54 /home/dario/Dev/restaurant/vendor/laravel/framework/src/Illuminate/Pipeline/Pipeline.php(163): Illuminate\Foundation\Http\Middleware\ValidatePostSize->handle()
#55 /home/dario/Dev/restaurant/vendor/laravel/framework/src/Illuminate/Routing/Pipeline.php(53): Illuminate\Pipeline\Pipeline->Illuminate\Pipeline\{closure}()
#56 /home/dario/Dev/restaurant/vendor/laravel/framework/src/Illuminate/Foundation/Http/Middleware/CheckForMaintenanceMode.php(62): Illuminate\Routing\Pipeline->Illuminate\Routing\{closure}()
#57 /home/dario/Dev/restaurant/vendor/laravel/framework/src/Illuminate/Pipeline/Pipeline.php(163): Illuminate\Foundation\Http\Middleware\CheckForMaintenanceMode->handle()
#58 /home/dario/Dev/restaurant/vendor/laravel/framework/src/Illuminate/Routing/Pipeline.php(53): Illuminate\Pipeline\Pipeline->Illuminate\Pipeline\{closure}()
#59 /home/dario/Dev/restaurant/vendor/laravel/framework/src/Illuminate/Pipeline/Pipeline.php(104): Illuminate\Routing\Pipeline->Illuminate\Routing\{closure}()
#60 /home/dario/Dev/restaurant/vendor/laravel/framework/src/Illuminate/Foundation/Http/Kernel.php(151): Illuminate\Pipeline\Pipeline->then()
#61 /home/dario/Dev/restaurant/vendor/laravel/framework/src/Illuminate/Foundation/Http/Kernel.php(116): Illuminate\Foundation\Http\Kernel->sendRequestThroughRouter()
#62 /home/dario/Dev/restaurant/index.php(53): Illuminate\Foundation\Http\Kernel->handle()
#63 {main}  
